2023-10-06 03:02:51,882 [Worker-0: Loading available Gradle versions] INFO  o.e.b.c.i.u.g.PublishedGradleVersions - Gradle version information cache is out-of-date. Trying to update.
2023-10-07 11:39:07,528 [Worker-1: Loading available Gradle versions] INFO  o.e.b.c.i.u.g.PublishedGradleVersions - Gradle version information cache is out-of-date. Trying to update.
2023-10-07 11:39:08,721 [Worker-1: Loading available Gradle versions] INFO  o.e.b.c.i.u.g.PublishedGradleVersions - Updating Gradle version information cache failed. Using outdated cache.
2023-10-12 03:58:39,661 [Worker-1: Loading available Gradle versions] INFO  o.e.b.c.i.u.g.PublishedGradleVersions - Gradle version information cache is out-of-date. Trying to update.
2023-10-12 03:58:40,580 [Worker-1: Loading available Gradle versions] INFO  o.e.b.c.i.u.g.PublishedGradleVersions - Updating Gradle version information cache failed. Using outdated cache.
2023-10-12 07:35:25,224 [Worker-1: Loading available Gradle versions] INFO  o.e.b.c.i.u.g.PublishedGradleVersions - Gradle version information cache is out-of-date. Trying to update.
2023-10-12 10:59:07,647 [Worker-1: Loading available Gradle versions] INFO  o.e.b.c.i.u.g.PublishedGradleVersions - Gradle version information cache is up-to-date. Trying to read.
2023-10-13 04:19:33,857 [Worker-1: Loading available Gradle versions] INFO  o.e.b.c.i.u.g.PublishedGradleVersions - Gradle version information cache is up-to-date. Trying to read.
2023-10-16 00:06:41,452 [Worker-3: Loading available Gradle versions] INFO  o.e.b.c.i.u.g.PublishedGradleVersions - Gradle version information cache is out-of-date. Trying to update.
2023-10-19 11:36:19,291 [Worker-3: Loading available Gradle versions] INFO  o.e.b.c.i.u.g.PublishedGradleVersions - Gradle version information cache is out-of-date. Trying to update.
2023-10-19 11:36:20,704 [Worker-3: Loading available Gradle versions] INFO  o.e.b.c.i.u.g.PublishedGradleVersions - Updating Gradle version information cache failed. Using outdated cache.
2023-10-21 23:42:42,244 [Worker-2: Loading available Gradle versions] INFO  o.e.b.c.i.u.g.PublishedGradleVersions - Gradle version information cache is out-of-date. Trying to update.
2023-10-30 21:38:56,908 [Worker-2: Loading available Gradle versions] INFO  o.e.b.c.i.u.g.PublishedGradleVersions - Gradle version information cache is out-of-date. Trying to update.
2023-11-01 07:11:52,788 [Worker-2: Loading available Gradle versions] INFO  o.e.b.c.i.u.g.PublishedGradleVersions - Gradle version information cache is out-of-date. Trying to update.
2023-11-07 01:50:42,881 [Worker-1: Loading available Gradle versions] INFO  o.e.b.c.i.u.g.PublishedGradleVersions - Gradle version information cache is out-of-date. Trying to update.
2023-11-07 01:50:43,981 [Worker-1: Loading available Gradle versions] INFO  o.e.b.c.i.u.g.PublishedGradleVersions - Updating Gradle version information cache failed. Using outdated cache.
2023-11-07 06:01:13,772 [Worker-1: Loading available Gradle versions] INFO  o.e.b.c.i.u.g.PublishedGradleVersions - Gradle version information cache is out-of-date. Trying to update.
2023-11-30 03:06:08,111 [Worker-1: Loading available Gradle versions] INFO  o.e.b.c.i.u.g.PublishedGradleVersions - Gradle version information cache is out-of-date. Trying to update.
2023-12-04 00:13:24,967 [Worker-1: Loading available Gradle versions] INFO  o.e.b.c.i.u.g.PublishedGradleVersions - Gradle version information cache is out-of-date. Trying to update.
2023-12-04 00:13:26,980 [Worker-1: Loading available Gradle versions] INFO  o.e.b.c.i.u.g.PublishedGradleVersions - Updating Gradle version information cache failed. Using outdated cache.
2023-12-06 04:42:02,148 [Worker-1: Loading available Gradle versions] INFO  o.e.b.c.i.u.g.PublishedGradleVersions - Gradle version information cache is out-of-date. Trying to update.
2023-12-06 04:42:03,420 [Worker-1: Loading available Gradle versions] INFO  o.e.b.c.i.u.g.PublishedGradleVersions - Updating Gradle version information cache failed. Using outdated cache.
2023-12-07 02:55:40,900 [Worker-1: Loading available Gradle versions] INFO  o.e.b.c.i.u.g.PublishedGradleVersions - Gradle version information cache is out-of-date. Trying to update.
2023-12-07 02:55:42,297 [Worker-1: Loading available Gradle versions] INFO  o.e.b.c.i.u.g.PublishedGradleVersions - Updating Gradle version information cache failed. Using outdated cache.
2023-12-08 00:56:53,682 [Worker-1: Loading available Gradle versions] INFO  o.e.b.c.i.u.g.PublishedGradleVersions - Gradle version information cache is out-of-date. Trying to update.
2023-12-08 00:56:54,542 [Worker-1: Loading available Gradle versions] INFO  o.e.b.c.i.u.g.PublishedGradleVersions - Updating Gradle version information cache failed. Using outdated cache.
2023-12-10 21:54:52,318 [Worker-1: Loading available Gradle versions] INFO  o.e.b.c.i.u.g.PublishedGradleVersions - Gradle version information cache is out-of-date. Trying to update.
2023-12-10 21:54:53,659 [Worker-1: Loading available Gradle versions] INFO  o.e.b.c.i.u.g.PublishedGradleVersions - Updating Gradle version information cache failed. Using outdated cache.
2023-12-14 03:57:36,428 [Worker-2: Loading available Gradle versions] INFO  o.e.b.c.i.u.g.PublishedGradleVersions - Gradle version information cache is out-of-date. Trying to update.
2023-12-14 03:57:38,428 [Worker-2: Loading available Gradle versions] INFO  o.e.b.c.i.u.g.PublishedGradleVersions - Updating Gradle version information cache failed. Using outdated cache.
2024-01-08 01:44:11,605 [Worker-2: Loading available Gradle versions] INFO  o.e.b.c.i.u.g.PublishedGradleVersions - Gradle version information cache is out-of-date. Trying to update.
2024-01-08 01:44:12,583 [Worker-2: Loading available Gradle versions] INFO  o.e.b.c.i.u.g.PublishedGradleVersions - Updating Gradle version information cache failed. Using outdated cache.
2024-01-18 01:31:34,928 [Worker-1: Loading available Gradle versions] INFO  o.e.b.c.i.u.g.PublishedGradleVersions - Gradle version information cache is out-of-date. Trying to update.
2024-01-23 01:01:09,520 [Worker-1: Loading available Gradle versions] INFO  o.e.b.c.i.u.g.PublishedGradleVersions - Gradle version information cache is out-of-date. Trying to update.
2024-01-23 01:01:10,871 [Worker-1: Loading available Gradle versions] INFO  o.e.b.c.i.u.g.PublishedGradleVersions - Updating Gradle version information cache failed. Using outdated cache.
2024-02-01 06:33:04,517 [Worker-1: Loading available Gradle versions] INFO  o.e.b.c.i.u.g.PublishedGradleVersions - Gradle version information cache is up-to-date. Trying to read.
2024-02-13 02:08:43,866 [Worker-1: Loading available Gradle versions] INFO  o.e.b.c.i.u.g.PublishedGradleVersions - Gradle version information cache is up-to-date. Trying to read.
2024-02-13 07:48:05,038 [Worker-1: Loading available Gradle versions] INFO  o.e.b.c.i.u.g.PublishedGradleVersions - Gradle version information cache is up-to-date. Trying to read.
2024-02-15 03:52:40,144 [Worker-1: Loading available Gradle versions] INFO  o.e.b.c.i.u.g.PublishedGradleVersions - Gradle version information cache is out-of-date. Trying to update.
2024-02-15 03:52:41,182 [Worker-1: Loading available Gradle versions] INFO  o.e.b.c.i.u.g.PublishedGradleVersions - Updating Gradle version information cache failed. Using outdated cache.
2024-02-15 03:59:53,127 [Worker-2: Loading available Gradle versions] INFO  o.e.b.c.i.u.g.PublishedGradleVersions - Gradle version information cache is out-of-date. Trying to update.
2024-02-15 04:36:31,442 [Worker-1: Loading available Gradle versions] INFO  o.e.b.c.i.u.g.PublishedGradleVersions - Gradle version information cache is up-to-date. Trying to read.
2024-02-15 22:40:51,855 [Worker-2: Loading available Gradle versions] INFO  o.e.b.c.i.u.g.PublishedGradleVersions - Gradle version information cache is up-to-date. Trying to read.
2024-02-17 03:45:14,079 [Worker-1: Loading available Gradle versions] INFO  o.e.b.c.i.u.g.PublishedGradleVersions - Gradle version information cache is out-of-date. Trying to update.
2024-02-17 20:44:06,930 [Worker-2: Loading available Gradle versions] INFO  o.e.b.c.i.u.g.PublishedGradleVersions - Gradle version information cache is up-to-date. Trying to read.
2024-02-20 08:29:04,428 [Worker-1: Loading available Gradle versions] INFO  o.e.b.c.i.u.g.PublishedGradleVersions - Gradle version information cache is out-of-date. Trying to update.
2024-03-21 12:59:42,178 [Worker-0: Loading available Gradle versions] INFO  o.e.b.c.i.u.g.PublishedGradleVersions - Gradle version information cache is up-to-date. Trying to read.
2024-03-21 13:15:18,429 [Worker-0: Loading available Gradle versions] INFO  o.e.b.c.i.u.g.PublishedGradleVersions - Gradle version information cache is up-to-date. Trying to read.
2024-03-21 13:38:32,766 [Worker-0: Loading available Gradle versions] INFO  o.e.b.c.i.u.g.PublishedGradleVersions - Gradle version information cache is up-to-date. Trying to read.
2024-03-21 14:20:28,629 [Worker-1: Loading available Gradle versions] INFO  o.e.b.c.i.u.g.PublishedGradleVersions - Gradle version information cache is up-to-date. Trying to read.
2024-03-22 02:02:22,401 [Worker-0: Loading available Gradle versions] INFO  o.e.b.c.i.u.g.PublishedGradleVersions - Gradle version information cache is up-to-date. Trying to read.
2024-04-30 01:38:49,662 [Worker-0: Loading available Gradle versions] INFO  o.e.b.c.i.u.g.PublishedGradleVersions - Gradle version information cache is out-of-date. Trying to update.
2024-04-30 01:38:50,470 [Worker-0: Loading available Gradle versions] INFO  o.e.b.c.i.u.g.PublishedGradleVersions - Updating Gradle version information cache failed. Using outdated cache.
2024-05-02 08:16:38,568 [Worker-0: Loading available Gradle versions] INFO  o.e.b.c.i.u.g.PublishedGradleVersions - Gradle version information cache is out-of-date. Trying to update.
2024-05-02 08:16:40,176 [Worker-0: Loading available Gradle versions] INFO  o.e.b.c.i.u.g.PublishedGradleVersions - Updating Gradle version information cache failed. Using outdated cache.
2024-06-24 22:27:42,302 [Worker-0: Loading available Gradle versions] INFO  o.e.b.c.i.u.g.PublishedGradleVersions - Gradle version information cache is out-of-date. Trying to update.
2024-07-29 11:34:46,904 [Worker-0: Loading available Gradle versions] INFO  o.e.b.c.i.u.g.PublishedGradleVersions - Gradle version information cache is out-of-date. Trying to update.
2024-07-30 00:24:51,395 [Worker-0: Loading available Gradle versions] INFO  o.e.b.c.i.u.g.PublishedGradleVersions - Gradle version information cache is up-to-date. Trying to read.
2024-08-05 16:20:51,777 [Worker-0: Loading available Gradle versions] INFO  o.e.b.c.i.u.g.PublishedGradleVersions - Gradle version information cache is out-of-date. Trying to update.
2024-08-06 01:13:46,250 [Worker-0: Loading available Gradle versions] INFO  o.e.b.c.i.u.g.PublishedGradleVersions - Gradle version information cache is up-to-date. Trying to read.
2024-08-08 02:24:45,935 [Worker-0: Loading available Gradle versions] INFO  o.e.b.c.i.u.g.PublishedGradleVersions - Gradle version information cache is out-of-date. Trying to update.
2024-08-21 03:16:29,007 [Worker-0: Loading available Gradle versions] INFO  o.e.b.c.i.u.g.PublishedGradleVersions - Gradle version information cache is out-of-date. Trying to update.
2024-08-21 03:16:29,871 [Worker-0: Loading available Gradle versions] INFO  o.e.b.c.i.u.g.PublishedGradleVersions - Updating Gradle version information cache failed. Using outdated cache.
2024-08-22 02:56:45,542 [Worker-1: Loading available Gradle versions] INFO  o.e.b.c.i.u.g.PublishedGradleVersions - Gradle version information cache is out-of-date. Trying to update.
2024-08-23 00:40:50,794 [Worker-0: Loading available Gradle versions] INFO  o.e.b.c.i.u.g.PublishedGradleVersions - Gradle version information cache is up-to-date. Trying to read.
2024-08-23 00:43:04,144 [Worker-6: Building] INFO  o.e.m.c.i.l.LifecycleMappingFactory - Using org.eclipse.m2e.jdt.JarLifecycleMapping lifecycle mapping for MavenProject: cucumberjava:cucumberjava:0.0.1-SNAPSHOT @ D:\E Drive\Akashautomation\cucumberjava\pom.xml.
2024-08-23 00:43:04,496 [Worker-6: Building] INFO  o.e.m.c.i.e.AbstractTransferListenerAdapter - Downloaded https://repo.maven.apache.org/maven2/org/seleniumhq/selenium/selenium-java/4.16.0/selenium-java-4.16.0.pom
2024-08-23 00:43:04,542 [Worker-6: Building] INFO  o.e.m.c.i.e.AbstractTransferListenerAdapter - Downloaded https://repo.maven.apache.org/maven2/org/apache/poi/poi/5.2.5/poi-5.2.5.pom
2024-08-23 00:43:04,558 [Worker-6: Building] INFO  o.e.m.c.i.e.AbstractTransferListenerAdapter - Downloaded https://repo.maven.apache.org/maven2/org/apache/poi/poi-ooxml/5.2.5/poi-ooxml-5.2.5.pom
2024-08-23 00:43:04,575 [Worker-6: Building] INFO  o.e.m.c.i.e.AbstractTransferListenerAdapter - Downloaded https://repo.maven.apache.org/maven2/io/cucumber/cucumber-java/7.3.4/cucumber-java-7.3.4.pom
2024-08-23 00:43:06,877 [Worker-6: Building] INFO  o.e.m.c.i.l.LifecycleMappingFactory - Using org.eclipse.m2e.jdt.JarLifecycleMapping lifecycle mapping for MavenProject: demoframework:demoframework:0.0.1-SNAPSHOT @ D:\E Drive\Akashautomation\demoframework\pom.xml.
2024-08-23 00:43:07,563 [Worker-6: Download sources and javadoc] INFO  o.e.m.c.i.e.AbstractTransferListenerAdapter - Downloaded https://repo.maven.apache.org/maven2/org/seleniumhq/selenium/selenium-java/4.16.0/selenium-java-4.16.0-sources.jar
2024-08-23 00:43:07,573 [Worker-6: Download sources and javadoc] ERROR o.e.m.j.internal.DownloadSourcesJob - Could not download sources for org.seleniumhq.selenium:selenium-java:4.16.0
org.eclipse.core.runtime.CoreException: Could not resolve artifact org.seleniumhq.selenium:selenium-java:jar:sources:4.16.0
	at org.eclipse.m2e.core.internal.embedder.MavenImpl.lambda$6(MavenImpl.java:584)
	at org.eclipse.m2e.core.internal.embedder.MavenExecutionContext.executeBare(MavenExecutionContext.java:394)
	at org.eclipse.m2e.core.internal.embedder.MavenExecutionContext.execute(MavenExecutionContext.java:228)
	at org.eclipse.m2e.core.internal.embedder.MavenExecutionContext.execute(MavenExecutionContext.java:214)
	at org.eclipse.m2e.core.internal.embedder.MavenImpl.resolve(MavenImpl.java:553)
	at org.eclipse.m2e.core.internal.embedder.MavenImpl.resolve(MavenImpl.java:538)
	at org.eclipse.m2e.jdt.internal.DownloadSourcesJob.download(DownloadSourcesJob.java:308)
	at org.eclipse.m2e.jdt.internal.DownloadSourcesJob.downloadAttachments(DownloadSourcesJob.java:282)
	at org.eclipse.m2e.jdt.internal.DownloadSourcesJob.downloadMaven(DownloadSourcesJob.java:252)
	at org.eclipse.m2e.jdt.internal.DownloadSourcesJob.downloadFilesAndPopulateToUpdate(DownloadSourcesJob.java:220)
	at org.eclipse.m2e.jdt.internal.DownloadSourcesJob.lambda$0(DownloadSourcesJob.java:149)
	at org.eclipse.m2e.core.internal.embedder.MavenExecutionContext.executeBare(MavenExecutionContext.java:394)
	at org.eclipse.m2e.core.internal.embedder.MavenExecutionContext.execute(MavenExecutionContext.java:275)
	at org.eclipse.m2e.core.internal.embedder.MavenExecutionContext.execute(MavenExecutionContext.java:214)
	at org.eclipse.m2e.core.embedder.IMaven.execute(IMaven.java:294)
	at org.eclipse.m2e.jdt.internal.DownloadSourcesJob.run(DownloadSourcesJob.java:149)
	at org.eclipse.core.internal.jobs.Worker.run(Worker.java:63)
2024-08-23 00:43:07,592 [Worker-6: Download sources and javadoc] INFO  o.e.m.c.i.e.AbstractTransferListenerAdapter - Downloaded https://repo.maven.apache.org/maven2/org/apache/poi/poi/5.2.5/poi-5.2.5-sources.jar
2024-08-23 00:43:07,600 [Worker-6: Download sources and javadoc] ERROR o.e.m.j.internal.DownloadSourcesJob - Could not download sources for org.apache.poi:poi:5.2.5
org.eclipse.core.runtime.CoreException: Could not resolve artifact org.apache.poi:poi:jar:sources:5.2.5
	at org.eclipse.m2e.core.internal.embedder.MavenImpl.lambda$6(MavenImpl.java:584)
	at org.eclipse.m2e.core.internal.embedder.MavenExecutionContext.executeBare(MavenExecutionContext.java:394)
	at org.eclipse.m2e.core.internal.embedder.MavenExecutionContext.execute(MavenExecutionContext.java:228)
	at org.eclipse.m2e.core.internal.embedder.MavenExecutionContext.execute(MavenExecutionContext.java:214)
	at org.eclipse.m2e.core.internal.embedder.MavenImpl.resolve(MavenImpl.java:553)
	at org.eclipse.m2e.core.internal.embedder.MavenImpl.resolve(MavenImpl.java:538)
	at org.eclipse.m2e.jdt.internal.DownloadSourcesJob.download(DownloadSourcesJob.java:308)
	at org.eclipse.m2e.jdt.internal.DownloadSourcesJob.downloadAttachments(DownloadSourcesJob.java:282)
	at org.eclipse.m2e.jdt.internal.DownloadSourcesJob.downloadMaven(DownloadSourcesJob.java:252)
	at org.eclipse.m2e.jdt.internal.DownloadSourcesJob.downloadFilesAndPopulateToUpdate(DownloadSourcesJob.java:220)
	at org.eclipse.m2e.jdt.internal.DownloadSourcesJob.lambda$0(DownloadSourcesJob.java:149)
	at org.eclipse.m2e.core.internal.embedder.MavenExecutionContext.executeBare(MavenExecutionContext.java:394)
	at org.eclipse.m2e.core.internal.embedder.MavenExecutionContext.execute(MavenExecutionContext.java:275)
	at org.eclipse.m2e.core.internal.embedder.MavenExecutionContext.execute(MavenExecutionContext.java:214)
	at org.eclipse.m2e.core.embedder.IMaven.execute(IMaven.java:294)
	at org.eclipse.m2e.jdt.internal.DownloadSourcesJob.run(DownloadSourcesJob.java:149)
	at org.eclipse.core.internal.jobs.Worker.run(Worker.java:63)
2024-08-23 00:43:07,616 [Worker-6: Download sources and javadoc] INFO  o.e.m.c.i.e.AbstractTransferListenerAdapter - Downloaded https://repo.maven.apache.org/maven2/org/apache/poi/poi-ooxml/5.2.5/poi-ooxml-5.2.5-sources.jar
2024-08-23 00:43:07,621 [Worker-6: Download sources and javadoc] ERROR o.e.m.j.internal.DownloadSourcesJob - Could not download sources for org.apache.poi:poi-ooxml:5.2.5
org.eclipse.core.runtime.CoreException: Could not resolve artifact org.apache.poi:poi-ooxml:jar:sources:5.2.5
	at org.eclipse.m2e.core.internal.embedder.MavenImpl.lambda$6(MavenImpl.java:584)
	at org.eclipse.m2e.core.internal.embedder.MavenExecutionContext.executeBare(MavenExecutionContext.java:394)
	at org.eclipse.m2e.core.internal.embedder.MavenExecutionContext.execute(MavenExecutionContext.java:228)
	at org.eclipse.m2e.core.internal.embedder.MavenExecutionContext.execute(MavenExecutionContext.java:214)
	at org.eclipse.m2e.core.internal.embedder.MavenImpl.resolve(MavenImpl.java:553)
	at org.eclipse.m2e.core.internal.embedder.MavenImpl.resolve(MavenImpl.java:538)
	at org.eclipse.m2e.jdt.internal.DownloadSourcesJob.download(DownloadSourcesJob.java:308)
	at org.eclipse.m2e.jdt.internal.DownloadSourcesJob.downloadAttachments(DownloadSourcesJob.java:282)
	at org.eclipse.m2e.jdt.internal.DownloadSourcesJob.downloadMaven(DownloadSourcesJob.java:252)
	at org.eclipse.m2e.jdt.internal.DownloadSourcesJob.downloadFilesAndPopulateToUpdate(DownloadSourcesJob.java:220)
	at org.eclipse.m2e.jdt.internal.DownloadSourcesJob.lambda$0(DownloadSourcesJob.java:149)
	at org.eclipse.m2e.core.internal.embedder.MavenExecutionContext.executeBare(MavenExecutionContext.java:394)
	at org.eclipse.m2e.core.internal.embedder.MavenExecutionContext.execute(MavenExecutionContext.java:275)
	at org.eclipse.m2e.core.internal.embedder.MavenExecutionContext.execute(MavenExecutionContext.java:214)
	at org.eclipse.m2e.core.embedder.IMaven.execute(IMaven.java:294)
	at org.eclipse.m2e.jdt.internal.DownloadSourcesJob.run(DownloadSourcesJob.java:149)
	at org.eclipse.core.internal.jobs.Worker.run(Worker.java:63)
2024-08-23 00:43:07,637 [Worker-6: Download sources and javadoc] INFO  o.e.m.c.i.e.AbstractTransferListenerAdapter - Downloaded https://repo.maven.apache.org/maven2/io/cucumber/cucumber-java/7.3.4/cucumber-java-7.3.4-sources.jar
2024-08-23 00:43:07,642 [Worker-6: Download sources and javadoc] ERROR o.e.m.j.internal.DownloadSourcesJob - Could not download sources for io.cucumber:cucumber-java:7.3.4
org.eclipse.core.runtime.CoreException: Could not resolve artifact io.cucumber:cucumber-java:jar:sources:7.3.4
	at org.eclipse.m2e.core.internal.embedder.MavenImpl.lambda$6(MavenImpl.java:584)
	at org.eclipse.m2e.core.internal.embedder.MavenExecutionContext.executeBare(MavenExecutionContext.java:394)
	at org.eclipse.m2e.core.internal.embedder.MavenExecutionContext.execute(MavenExecutionContext.java:228)
	at org.eclipse.m2e.core.internal.embedder.MavenExecutionContext.execute(MavenExecutionContext.java:214)
	at org.eclipse.m2e.core.internal.embedder.MavenImpl.resolve(MavenImpl.java:553)
	at org.eclipse.m2e.core.internal.embedder.MavenImpl.resolve(MavenImpl.java:538)
	at org.eclipse.m2e.jdt.internal.DownloadSourcesJob.download(DownloadSourcesJob.java:308)
	at org.eclipse.m2e.jdt.internal.DownloadSourcesJob.downloadAttachments(DownloadSourcesJob.java:282)
	at org.eclipse.m2e.jdt.internal.DownloadSourcesJob.downloadMaven(DownloadSourcesJob.java:252)
	at org.eclipse.m2e.jdt.internal.DownloadSourcesJob.downloadFilesAndPopulateToUpdate(DownloadSourcesJob.java:220)
	at org.eclipse.m2e.jdt.internal.DownloadSourcesJob.lambda$0(DownloadSourcesJob.java:149)
	at org.eclipse.m2e.core.internal.embedder.MavenExecutionContext.executeBare(MavenExecutionContext.java:394)
	at org.eclipse.m2e.core.internal.embedder.MavenExecutionContext.execute(MavenExecutionContext.java:275)
	at org.eclipse.m2e.core.internal.embedder.MavenExecutionContext.execute(MavenExecutionContext.java:214)
	at org.eclipse.m2e.core.embedder.IMaven.execute(IMaven.java:294)
	at org.eclipse.m2e.jdt.internal.DownloadSourcesJob.run(DownloadSourcesJob.java:149)
	at org.eclipse.core.internal.jobs.Worker.run(Worker.java:63)
2024-08-23 00:43:07,757 [Worker-6: Download sources and javadoc] INFO  o.e.m.c.i.e.AbstractTransferListenerAdapter - Downloaded https://repo.maven.apache.org/maven2/org/seleniumhq/selenium/selenium-java/4.16.0/selenium-java-4.16.0-javadoc.jar
2024-08-23 00:43:07,761 [Worker-6: Download sources and javadoc] ERROR o.e.m.j.internal.DownloadSourcesJob - Could not download javadoc for org.seleniumhq.selenium:selenium-java:4.16.0
org.eclipse.core.runtime.CoreException: Could not resolve artifact org.seleniumhq.selenium:selenium-java:jar:javadoc:4.16.0
	at org.eclipse.m2e.core.internal.embedder.MavenImpl.lambda$6(MavenImpl.java:584)
	at org.eclipse.m2e.core.internal.embedder.MavenExecutionContext.executeBare(MavenExecutionContext.java:394)
	at org.eclipse.m2e.core.internal.embedder.MavenExecutionContext.execute(MavenExecutionContext.java:228)
	at org.eclipse.m2e.core.internal.embedder.MavenExecutionContext.execute(MavenExecutionContext.java:214)
	at org.eclipse.m2e.core.internal.embedder.MavenImpl.resolve(MavenImpl.java:553)
	at org.eclipse.m2e.core.internal.embedder.MavenImpl.resolve(MavenImpl.java:538)
	at org.eclipse.m2e.jdt.internal.DownloadSourcesJob.download(DownloadSourcesJob.java:308)
	at org.eclipse.m2e.jdt.internal.DownloadSourcesJob.downloadAttachments(DownloadSourcesJob.java:294)
	at org.eclipse.m2e.jdt.internal.DownloadSourcesJob.downloadMaven(DownloadSourcesJob.java:252)
	at org.eclipse.m2e.jdt.internal.DownloadSourcesJob.downloadFilesAndPopulateToUpdate(DownloadSourcesJob.java:220)
	at org.eclipse.m2e.jdt.internal.DownloadSourcesJob.lambda$0(DownloadSourcesJob.java:149)
	at org.eclipse.m2e.core.internal.embedder.MavenExecutionContext.executeBare(MavenExecutionContext.java:394)
	at org.eclipse.m2e.core.internal.embedder.MavenExecutionContext.execute(MavenExecutionContext.java:275)
	at org.eclipse.m2e.core.internal.embedder.MavenExecutionContext.execute(MavenExecutionContext.java:214)
	at org.eclipse.m2e.core.embedder.IMaven.execute(IMaven.java:294)
	at org.eclipse.m2e.jdt.internal.DownloadSourcesJob.run(DownloadSourcesJob.java:149)
	at org.eclipse.core.internal.jobs.Worker.run(Worker.java:63)
2024-08-23 00:43:07,817 [Worker-6: Download sources and javadoc] INFO  o.e.m.c.i.e.AbstractTransferListenerAdapter - Downloaded https://repo.maven.apache.org/maven2/org/apache/poi/poi/5.2.5/poi-5.2.5-javadoc.jar
2024-08-23 00:43:07,821 [Worker-6: Download sources and javadoc] ERROR o.e.m.j.internal.DownloadSourcesJob - Could not download javadoc for org.apache.poi:poi:5.2.5
org.eclipse.core.runtime.CoreException: Could not resolve artifact org.apache.poi:poi:jar:javadoc:5.2.5
	at org.eclipse.m2e.core.internal.embedder.MavenImpl.lambda$6(MavenImpl.java:584)
	at org.eclipse.m2e.core.internal.embedder.MavenExecutionContext.executeBare(MavenExecutionContext.java:394)
	at org.eclipse.m2e.core.internal.embedder.MavenExecutionContext.execute(MavenExecutionContext.java:228)
	at org.eclipse.m2e.core.internal.embedder.MavenExecutionContext.execute(MavenExecutionContext.java:214)
	at org.eclipse.m2e.core.internal.embedder.MavenImpl.resolve(MavenImpl.java:553)
	at org.eclipse.m2e.core.internal.embedder.MavenImpl.resolve(MavenImpl.java:538)
	at org.eclipse.m2e.jdt.internal.DownloadSourcesJob.download(DownloadSourcesJob.java:308)
	at org.eclipse.m2e.jdt.internal.DownloadSourcesJob.downloadAttachments(DownloadSourcesJob.java:294)
	at org.eclipse.m2e.jdt.internal.DownloadSourcesJob.downloadMaven(DownloadSourcesJob.java:252)
	at org.eclipse.m2e.jdt.internal.DownloadSourcesJob.downloadFilesAndPopulateToUpdate(DownloadSourcesJob.java:220)
	at org.eclipse.m2e.jdt.internal.DownloadSourcesJob.lambda$0(DownloadSourcesJob.java:149)
	at org.eclipse.m2e.core.internal.embedder.MavenExecutionContext.executeBare(MavenExecutionContext.java:394)
	at org.eclipse.m2e.core.internal.embedder.MavenExecutionContext.execute(MavenExecutionContext.java:275)
	at org.eclipse.m2e.core.internal.embedder.MavenExecutionContext.execute(MavenExecutionContext.java:214)
	at org.eclipse.m2e.core.embedder.IMaven.execute(IMaven.java:294)
	at org.eclipse.m2e.jdt.internal.DownloadSourcesJob.run(DownloadSourcesJob.java:149)
	at org.eclipse.core.internal.jobs.Worker.run(Worker.java:63)
2024-08-23 00:43:07,896 [Worker-6: Download sources and javadoc] INFO  o.e.m.c.i.e.AbstractTransferListenerAdapter - Downloaded https://repo.maven.apache.org/maven2/org/apache/poi/poi-ooxml/5.2.5/poi-ooxml-5.2.5-javadoc.jar
2024-08-23 00:43:07,900 [Worker-6: Download sources and javadoc] ERROR o.e.m.j.internal.DownloadSourcesJob - Could not download javadoc for org.apache.poi:poi-ooxml:5.2.5
org.eclipse.core.runtime.CoreException: Could not resolve artifact org.apache.poi:poi-ooxml:jar:javadoc:5.2.5
	at org.eclipse.m2e.core.internal.embedder.MavenImpl.lambda$6(MavenImpl.java:584)
	at org.eclipse.m2e.core.internal.embedder.MavenExecutionContext.executeBare(MavenExecutionContext.java:394)
	at org.eclipse.m2e.core.internal.embedder.MavenExecutionContext.execute(MavenExecutionContext.java:228)
	at org.eclipse.m2e.core.internal.embedder.MavenExecutionContext.execute(MavenExecutionContext.java:214)
	at org.eclipse.m2e.core.internal.embedder.MavenImpl.resolve(MavenImpl.java:553)
	at org.eclipse.m2e.core.internal.embedder.MavenImpl.resolve(MavenImpl.java:538)
	at org.eclipse.m2e.jdt.internal.DownloadSourcesJob.download(DownloadSourcesJob.java:308)
	at org.eclipse.m2e.jdt.internal.DownloadSourcesJob.downloadAttachments(DownloadSourcesJob.java:294)
	at org.eclipse.m2e.jdt.internal.DownloadSourcesJob.downloadMaven(DownloadSourcesJob.java:252)
	at org.eclipse.m2e.jdt.internal.DownloadSourcesJob.downloadFilesAndPopulateToUpdate(DownloadSourcesJob.java:220)
	at org.eclipse.m2e.jdt.internal.DownloadSourcesJob.lambda$0(DownloadSourcesJob.java:149)
	at org.eclipse.m2e.core.internal.embedder.MavenExecutionContext.executeBare(MavenExecutionContext.java:394)
	at org.eclipse.m2e.core.internal.embedder.MavenExecutionContext.execute(MavenExecutionContext.java:275)
	at org.eclipse.m2e.core.internal.embedder.MavenExecutionContext.execute(MavenExecutionContext.java:214)
	at org.eclipse.m2e.core.embedder.IMaven.execute(IMaven.java:294)
	at org.eclipse.m2e.jdt.internal.DownloadSourcesJob.run(DownloadSourcesJob.java:149)
	at org.eclipse.core.internal.jobs.Worker.run(Worker.java:63)
2024-08-23 00:47:45,130 [Worker-4: Building] ERROR o.e.m.c.i.p.r.ProjectRegistryManager - Could not read pom.xml
org.eclipse.core.runtime.CoreException: Could not read pom.xml
	at org.eclipse.m2e.core.internal.IMavenToolbox.readModel(IMavenToolbox.java:236)
	at org.eclipse.m2e.core.internal.project.registry.ProjectRegistryManager.refreshPhase2(ProjectRegistryManager.java:585)
	at org.eclipse.m2e.core.internal.project.registry.ProjectRegistryManager.refresh(ProjectRegistryManager.java:485)
	at org.eclipse.m2e.core.internal.project.registry.ProjectRegistryManager.refresh(ProjectRegistryManager.java:362)
	at org.eclipse.m2e.core.internal.project.registry.ProjectRegistryManager.refresh(ProjectRegistryManager.java:314)
	at org.eclipse.m2e.core.internal.builder.MavenBuilder$BuildMethod.getProjectFacade(MavenBuilder.java:146)
	at org.eclipse.m2e.core.internal.builder.MavenBuilder$BuildMethod.lambda$0(MavenBuilder.java:84)
	at org.eclipse.m2e.core.internal.embedder.MavenExecutionContext.executeBare(MavenExecutionContext.java:394)
	at org.eclipse.m2e.core.internal.embedder.MavenExecutionContext.execute(MavenExecutionContext.java:275)
	at org.eclipse.m2e.core.internal.embedder.MavenExecutionContext.execute(MavenExecutionContext.java:214)
	at org.eclipse.m2e.core.internal.builder.MavenBuilder$BuildMethod.execute(MavenBuilder.java:83)
	at org.eclipse.m2e.core.internal.builder.MavenBuilder.build(MavenBuilder.java:192)
	at org.eclipse.core.internal.events.BuildManager$2.run(BuildManager.java:1020)
	at org.eclipse.core.runtime.SafeRunner.run(SafeRunner.java:45)
	at org.eclipse.core.internal.events.BuildManager.basicBuild(BuildManager.java:247)
	at org.eclipse.core.internal.events.BuildManager.basicBuild(BuildManager.java:303)
	at org.eclipse.core.internal.events.BuildManager$1.run(BuildManager.java:392)
	at org.eclipse.core.runtime.SafeRunner.run(SafeRunner.java:45)
	at org.eclipse.core.internal.events.BuildManager.basicBuild(BuildManager.java:395)
	at org.eclipse.core.internal.events.BuildManager.basicBuildLoop(BuildManager.java:506)
	at org.eclipse.core.internal.events.BuildManager.basicBuildLoop(BuildManager.java:454)
	at org.eclipse.core.internal.events.BuildManager.build(BuildManager.java:536)
	at org.eclipse.core.internal.events.AutoBuildJob.doBuild(AutoBuildJob.java:196)
	at org.eclipse.core.internal.events.AutoBuildJob.run(AutoBuildJob.java:289)
	at org.eclipse.core.internal.jobs.Worker.run(Worker.java:63)
Caused by: org.apache.maven.model.io.ModelParseException: only whitespace content allowed before start tag and not / (position: START_DOCUMENT seen /... @1:2) 
	at org.apache.maven.model.io.DefaultModelReader.read(DefaultModelReader.java:96)
	at org.apache.maven.model.io.DefaultModelReader.read(DefaultModelReader.java:74)
	at org.eclipse.m2e.core.internal.IMavenToolbox.readModel(IMavenToolbox.java:234)
	... 24 common frames omitted
Caused by: org.codehaus.plexus.util.xml.pull.XmlPullParserException: only whitespace content allowed before start tag and not / (position: START_DOCUMENT seen /... @1:2) 
	at org.codehaus.plexus.util.xml.pull.MXParser.parseProlog(MXParser.java:1933)
	at org.codehaus.plexus.util.xml.pull.MXParser.nextImpl(MXParser.java:1757)
	at org.codehaus.plexus.util.xml.pull.MXParser.next(MXParser.java:1375)
	at org.apache.maven.model.io.xpp3.MavenXpp3Reader.read(MavenXpp3Reader.java:3940)
	at org.apache.maven.model.io.xpp3.MavenXpp3Reader.read(MavenXpp3Reader.java:612)
	at org.apache.maven.model.io.DefaultModelReader.read(DefaultModelReader.java:93)
	... 26 common frames omitted
2024-08-23 00:50:29,695 [Worker-13: Building] INFO  o.e.m.c.i.l.LifecycleMappingFactory - Using org.eclipse.m2e.jdt.JarLifecycleMapping lifecycle mapping for MavenProject: cucumberjava:cucumberjava:0.0.1-SNAPSHOT @ D:\E Drive\Akashautomation\cucumberjava\pom.xml.
2024-08-23 00:50:30,862 [Worker-16: Download sources and javadoc] INFO  o.e.m.c.i.e.AbstractTransferListenerAdapter - Downloaded https://repo.maven.apache.org/maven2/io/cucumber/cucumber-java/7.3.4/cucumber-java-7.3.4-javadoc.jar
2024-08-23 00:50:30,869 [Worker-16: Download sources and javadoc] ERROR o.e.m.j.internal.DownloadSourcesJob - Could not download javadoc for io.cucumber:cucumber-java:7.3.4
org.eclipse.core.runtime.CoreException: Could not resolve artifact io.cucumber:cucumber-java:jar:javadoc:7.3.4
	at org.eclipse.m2e.core.internal.embedder.MavenImpl.lambda$6(MavenImpl.java:584)
	at org.eclipse.m2e.core.internal.embedder.MavenExecutionContext.executeBare(MavenExecutionContext.java:394)
	at org.eclipse.m2e.core.internal.embedder.MavenExecutionContext.execute(MavenExecutionContext.java:228)
	at org.eclipse.m2e.core.internal.embedder.MavenExecutionContext.execute(MavenExecutionContext.java:214)
	at org.eclipse.m2e.core.internal.embedder.MavenImpl.resolve(MavenImpl.java:553)
	at org.eclipse.m2e.core.internal.embedder.MavenImpl.resolve(MavenImpl.java:538)
	at org.eclipse.m2e.jdt.internal.DownloadSourcesJob.download(DownloadSourcesJob.java:308)
	at org.eclipse.m2e.jdt.internal.DownloadSourcesJob.downloadAttachments(DownloadSourcesJob.java:294)
	at org.eclipse.m2e.jdt.internal.DownloadSourcesJob.downloadMaven(DownloadSourcesJob.java:252)
	at org.eclipse.m2e.jdt.internal.DownloadSourcesJob.downloadFilesAndPopulateToUpdate(DownloadSourcesJob.java:220)
	at org.eclipse.m2e.jdt.internal.DownloadSourcesJob.lambda$0(DownloadSourcesJob.java:149)
	at org.eclipse.m2e.core.internal.embedder.MavenExecutionContext.executeBare(MavenExecutionContext.java:394)
	at org.eclipse.m2e.core.internal.embedder.MavenExecutionContext.execute(MavenExecutionContext.java:275)
	at org.eclipse.m2e.core.internal.embedder.MavenExecutionContext.execute(MavenExecutionContext.java:214)
	at org.eclipse.m2e.core.embedder.IMaven.execute(IMaven.java:294)
	at org.eclipse.m2e.jdt.internal.DownloadSourcesJob.run(DownloadSourcesJob.java:149)
	at org.eclipse.core.internal.jobs.Worker.run(Worker.java:63)
2024-08-23 00:57:23,648 [Worker-13: Building] INFO  o.e.m.c.i.l.LifecycleMappingFactory - Using org.eclipse.m2e.jdt.JarLifecycleMapping lifecycle mapping for MavenProject: cucumberjava:cucumberjava:0.0.1-SNAPSHOT @ D:\E Drive\Akashautomation\cucumberjava\pom.xml.
2024-08-23 00:58:33,997 [main] INFO  o.e.m2e.actions.ExecutePomAction - Creating new launch configuration
2024-08-23 00:58:37,721 [Worker-20: Launching cucumberjava] INFO  o.eclipse.m2e.core.internal.Bundles - getClasspathEntries(Bundle=org.eclipse.m2e.maven.runtime_3.9.100.20230519-1558 [288])
2024-08-23 00:58:37,746 [Worker-20: Launching cucumberjava] INFO  o.eclipse.m2e.core.internal.Bundles - 	Entry: C:\Users\Lenvo\.p2\pool\plugins\org.eclipse.m2e.maven.runtime_3.9.100.20230519-1558
2024-08-23 00:58:37,747 [Worker-20: Launching cucumberjava] INFO  o.eclipse.m2e.core.internal.Bundles - 	Entry: C:\Users\Lenvo\.p2\pool\plugins\org.eclipse.m2e.maven.runtime_3.9.100.20230519-1558\jars\aether-connector-okhttp-0.17.8.jar
2024-08-23 00:58:37,747 [Worker-20: Launching cucumberjava] INFO  o.eclipse.m2e.core.internal.Bundles - 	Entry: C:\Users\Lenvo\.p2\pool\plugins\org.eclipse.m2e.maven.runtime_3.9.100.20230519-1558\jars\aopalliance-1.0.jar
2024-08-23 00:58:37,747 [Worker-20: Launching cucumberjava] INFO  o.eclipse.m2e.core.internal.Bundles - 	Entry: C:\Users\Lenvo\.p2\pool\plugins\org.eclipse.m2e.maven.runtime_3.9.100.20230519-1558\jars\commons-lang3-3.8.1.jar
2024-08-23 00:58:37,748 [Worker-20: Launching cucumberjava] INFO  o.eclipse.m2e.core.internal.Bundles - 	Entry: C:\Users\Lenvo\.p2\pool\plugins\org.eclipse.m2e.maven.runtime_3.9.100.20230519-1558\jars\failureaccess-1.0.1.jar
2024-08-23 00:58:37,748 [Worker-20: Launching cucumberjava] INFO  o.eclipse.m2e.core.internal.Bundles - 	Entry: C:\Users\Lenvo\.p2\pool\plugins\org.eclipse.m2e.maven.runtime_3.9.100.20230519-1558\jars\guava-30.1-jre.jar
2024-08-23 00:58:37,748 [Worker-20: Launching cucumberjava] INFO  o.eclipse.m2e.core.internal.Bundles - 	Entry: C:\Users\Lenvo\.p2\pool\plugins\org.eclipse.m2e.maven.runtime_3.9.100.20230519-1558\jars\guice-5.1.0.jar
2024-08-23 00:58:37,749 [Worker-20: Launching cucumberjava] INFO  o.eclipse.m2e.core.internal.Bundles - 	Entry: C:\Users\Lenvo\.p2\pool\plugins\org.eclipse.m2e.maven.runtime_3.9.100.20230519-1558\jars\jansi-2.4.0.jar
2024-08-23 00:58:37,749 [Worker-20: Launching cucumberjava] INFO  o.eclipse.m2e.core.internal.Bundles - 	Entry: C:\Users\Lenvo\.p2\pool\plugins\org.eclipse.m2e.maven.runtime_3.9.100.20230519-1558\jars\maven-artifact-3.9.1.jar
2024-08-23 00:58:37,749 [Worker-20: Launching cucumberjava] INFO  o.eclipse.m2e.core.internal.Bundles - 	Entry: C:\Users\Lenvo\.p2\pool\plugins\org.eclipse.m2e.maven.runtime_3.9.100.20230519-1558\jars\maven-builder-support-3.9.1.jar
2024-08-23 00:58:37,750 [Worker-20: Launching cucumberjava] INFO  o.eclipse.m2e.core.internal.Bundles - 	Entry: C:\Users\Lenvo\.p2\pool\plugins\org.eclipse.m2e.maven.runtime_3.9.100.20230519-1558\jars\maven-compat-3.9.1.jar
2024-08-23 00:58:37,753 [Worker-20: Launching cucumberjava] INFO  o.eclipse.m2e.core.internal.Bundles - 	Entry: C:\Users\Lenvo\.p2\pool\plugins\org.eclipse.m2e.maven.runtime_3.9.100.20230519-1558\jars\maven-core-3.9.1.jar
2024-08-23 00:58:37,755 [Worker-20: Launching cucumberjava] INFO  o.eclipse.m2e.core.internal.Bundles - 	Entry: C:\Users\Lenvo\.p2\pool\plugins\org.eclipse.m2e.maven.runtime_3.9.100.20230519-1558\jars\maven-embedder-3.9.1.jar
2024-08-23 00:58:37,755 [Worker-20: Launching cucumberjava] INFO  o.eclipse.m2e.core.internal.Bundles - 	Entry: C:\Users\Lenvo\.p2\pool\plugins\org.eclipse.m2e.maven.runtime_3.9.100.20230519-1558\jars\maven-model-3.9.1.jar
2024-08-23 00:58:37,756 [Worker-20: Launching cucumberjava] INFO  o.eclipse.m2e.core.internal.Bundles - 	Entry: C:\Users\Lenvo\.p2\pool\plugins\org.eclipse.m2e.maven.runtime_3.9.100.20230519-1558\jars\maven-model-builder-3.9.1.jar
2024-08-23 00:58:37,756 [Worker-20: Launching cucumberjava] INFO  o.eclipse.m2e.core.internal.Bundles - 	Entry: C:\Users\Lenvo\.p2\pool\plugins\org.eclipse.m2e.maven.runtime_3.9.100.20230519-1558\jars\maven-plugin-api-3.9.1.jar
2024-08-23 00:58:37,757 [Worker-20: Launching cucumberjava] INFO  o.eclipse.m2e.core.internal.Bundles - 	Entry: C:\Users\Lenvo\.p2\pool\plugins\org.eclipse.m2e.maven.runtime_3.9.100.20230519-1558\jars\maven-repository-metadata-3.9.1.jar
2024-08-23 00:58:37,757 [Worker-20: Launching cucumberjava] INFO  o.eclipse.m2e.core.internal.Bundles - 	Entry: C:\Users\Lenvo\.p2\pool\plugins\org.eclipse.m2e.maven.runtime_3.9.100.20230519-1558\jars\maven-resolver-api-1.9.7.jar
2024-08-23 00:58:37,758 [Worker-20: Launching cucumberjava] INFO  o.eclipse.m2e.core.internal.Bundles - 	Entry: C:\Users\Lenvo\.p2\pool\plugins\org.eclipse.m2e.maven.runtime_3.9.100.20230519-1558\jars\maven-resolver-connector-basic-1.9.7.jar
2024-08-23 00:58:37,758 [Worker-20: Launching cucumberjava] INFO  o.eclipse.m2e.core.internal.Bundles - 	Entry: C:\Users\Lenvo\.p2\pool\plugins\org.eclipse.m2e.maven.runtime_3.9.100.20230519-1558\jars\maven-resolver-impl-1.9.7.jar
2024-08-23 00:58:37,759 [Worker-20: Launching cucumberjava] INFO  o.eclipse.m2e.core.internal.Bundles - 	Entry: C:\Users\Lenvo\.p2\pool\plugins\org.eclipse.m2e.maven.runtime_3.9.100.20230519-1558\jars\maven-resolver-named-locks-1.9.7.jar
2024-08-23 00:58:37,759 [Worker-20: Launching cucumberjava] INFO  o.eclipse.m2e.core.internal.Bundles - 	Entry: C:\Users\Lenvo\.p2\pool\plugins\org.eclipse.m2e.maven.runtime_3.9.100.20230519-1558\jars\maven-resolver-provider-3.9.1.jar
2024-08-23 00:58:37,759 [Worker-20: Launching cucumberjava] INFO  o.eclipse.m2e.core.internal.Bundles - 	Entry: C:\Users\Lenvo\.p2\pool\plugins\org.eclipse.m2e.maven.runtime_3.9.100.20230519-1558\jars\maven-resolver-spi-1.9.7.jar
2024-08-23 00:58:37,760 [Worker-20: Launching cucumberjava] INFO  o.eclipse.m2e.core.internal.Bundles - 	Entry: C:\Users\Lenvo\.p2\pool\plugins\org.eclipse.m2e.maven.runtime_3.9.100.20230519-1558\jars\maven-resolver-transport-wagon-1.9.7.jar
2024-08-23 00:58:37,760 [Worker-20: Launching cucumberjava] INFO  o.eclipse.m2e.core.internal.Bundles - 	Entry: C:\Users\Lenvo\.p2\pool\plugins\org.eclipse.m2e.maven.runtime_3.9.100.20230519-1558\jars\maven-resolver-util-1.9.7.jar
2024-08-23 00:58:37,761 [Worker-20: Launching cucumberjava] INFO  o.eclipse.m2e.core.internal.Bundles - 	Entry: C:\Users\Lenvo\.p2\pool\plugins\org.eclipse.m2e.maven.runtime_3.9.100.20230519-1558\jars\maven-settings-3.9.1.jar
2024-08-23 00:58:37,761 [Worker-20: Launching cucumberjava] INFO  o.eclipse.m2e.core.internal.Bundles - 	Entry: C:\Users\Lenvo\.p2\pool\plugins\org.eclipse.m2e.maven.runtime_3.9.100.20230519-1558\jars\maven-settings-builder-3.9.1.jar
2024-08-23 00:58:37,761 [Worker-20: Launching cucumberjava] INFO  o.eclipse.m2e.core.internal.Bundles - 	Entry: C:\Users\Lenvo\.p2\pool\plugins\org.eclipse.m2e.maven.runtime_3.9.100.20230519-1558\jars\maven-shared-utils-3.3.4.jar
2024-08-23 00:58:37,762 [Worker-20: Launching cucumberjava] INFO  o.eclipse.m2e.core.internal.Bundles - 	Entry: C:\Users\Lenvo\.p2\pool\plugins\org.eclipse.m2e.maven.runtime_3.9.100.20230519-1558\jars\okhttp-3.14.1.jar
2024-08-23 00:58:37,762 [Worker-20: Launching cucumberjava] INFO  o.eclipse.m2e.core.internal.Bundles - 	Entry: C:\Users\Lenvo\.p2\pool\plugins\org.eclipse.m2e.maven.runtime_3.9.100.20230519-1558\jars\okio-1.17.3.jar
2024-08-23 00:58:37,763 [Worker-20: Launching cucumberjava] INFO  o.eclipse.m2e.core.internal.Bundles - 	Entry: C:\Users\Lenvo\.p2\pool\plugins\org.eclipse.m2e.maven.runtime_3.9.100.20230519-1558\jars\org.eclipse.sisu.inject-0.3.5.jar
2024-08-23 00:58:37,763 [Worker-20: Launching cucumberjava] INFO  o.eclipse.m2e.core.internal.Bundles - 	Entry: C:\Users\Lenvo\.p2\pool\plugins\org.eclipse.m2e.maven.runtime_3.9.100.20230519-1558\jars\org.eclipse.sisu.plexus-0.3.5.jar
2024-08-23 00:58:37,763 [Worker-20: Launching cucumberjava] INFO  o.eclipse.m2e.core.internal.Bundles - 	Entry: C:\Users\Lenvo\.p2\pool\plugins\org.eclipse.m2e.maven.runtime_3.9.100.20230519-1558\jars\plexus-build-api-0.0.7.jar
2024-08-23 00:58:37,764 [Worker-20: Launching cucumberjava] INFO  o.eclipse.m2e.core.internal.Bundles - 	Entry: C:\Users\Lenvo\.p2\pool\plugins\org.eclipse.m2e.maven.runtime_3.9.100.20230519-1558\jars\plexus-cipher-2.0.jar
2024-08-23 00:58:37,764 [Worker-20: Launching cucumberjava] INFO  o.eclipse.m2e.core.internal.Bundles - 	Entry: C:\Users\Lenvo\.p2\pool\plugins\org.eclipse.m2e.maven.runtime_3.9.100.20230519-1558\jars\plexus-classworlds-2.6.0.jar
2024-08-23 00:58:37,764 [Worker-20: Launching cucumberjava] INFO  o.eclipse.m2e.core.internal.Bundles - 	Entry: C:\Users\Lenvo\.p2\pool\plugins\org.eclipse.m2e.maven.runtime_3.9.100.20230519-1558\jars\plexus-component-annotations-2.1.0.jar
2024-08-23 00:58:37,764 [Worker-20: Launching cucumberjava] INFO  o.eclipse.m2e.core.internal.Bundles - 	Entry: C:\Users\Lenvo\.p2\pool\plugins\org.eclipse.m2e.maven.runtime_3.9.100.20230519-1558\jars\plexus-interpolation-1.26.jar
2024-08-23 00:58:37,765 [Worker-20: Launching cucumberjava] INFO  o.eclipse.m2e.core.internal.Bundles - 	Entry: C:\Users\Lenvo\.p2\pool\plugins\org.eclipse.m2e.maven.runtime_3.9.100.20230519-1558\jars\plexus-sec-dispatcher-2.0.jar
2024-08-23 00:58:37,765 [Worker-20: Launching cucumberjava] INFO  o.eclipse.m2e.core.internal.Bundles - 	Entry: C:\Users\Lenvo\.p2\pool\plugins\org.eclipse.m2e.maven.runtime_3.9.100.20230519-1558\jars\plexus-utils-3.5.1.jar
2024-08-23 00:58:37,766 [Worker-20: Launching cucumberjava] INFO  o.eclipse.m2e.core.internal.Bundles - 	Entry: C:\Users\Lenvo\.p2\pool\plugins\org.eclipse.m2e.maven.runtime_3.9.100.20230519-1558\jars\wagon-file-3.5.3.jar
2024-08-23 00:58:37,769 [Worker-20: Launching cucumberjava] INFO  o.eclipse.m2e.core.internal.Bundles - 	Entry: C:\Users\Lenvo\.p2\pool\plugins\org.eclipse.m2e.maven.runtime_3.9.100.20230519-1558\jars\wagon-provider-api-3.5.3.jar
2024-08-23 00:58:37,772 [Worker-20: Launching cucumberjava] INFO  o.eclipse.m2e.core.internal.Bundles - getClasspathEntries(Bundle=com.google.guava_31.1.0.jre [11])
2024-08-23 00:58:37,774 [Worker-20: Launching cucumberjava] INFO  o.eclipse.m2e.core.internal.Bundles - 	Entry: C:\Users\Lenvo\.p2\pool\plugins\com.google.guava_31.1.0.jre.jar
2024-08-23 00:58:37,774 [Worker-20: Launching cucumberjava] INFO  o.eclipse.m2e.core.internal.Bundles - getClasspathEntries(Bundle=slf4j.api_1.7.36 [516])
2024-08-23 00:58:37,776 [Worker-20: Launching cucumberjava] INFO  o.eclipse.m2e.core.internal.Bundles - 	Entry: C:\Users\Lenvo\.p2\pool\plugins\slf4j.api_1.7.36.jar
2024-08-23 00:58:37,776 [Worker-20: Launching cucumberjava] INFO  o.eclipse.m2e.core.internal.Bundles - getClasspathEntries(Bundle=javax.inject_1.0.0.v20220405-0441 [25])
2024-08-23 00:58:37,777 [Worker-20: Launching cucumberjava] INFO  o.eclipse.m2e.core.internal.Bundles - 	Entry: C:\Users\Lenvo\.p2\pool\plugins\javax.inject_1.0.0.v20220405-0441.jar
2024-08-23 00:58:37,778 [Worker-20: Launching cucumberjava] INFO  o.eclipse.m2e.core.internal.Bundles - getClasspathEntries(Bundle=javax.annotation_1.3.5.v20230504-0748 [23])
2024-08-23 00:58:37,780 [Worker-20: Launching cucumberjava] INFO  o.eclipse.m2e.core.internal.Bundles - 	Entry: C:\Users\Lenvo\.p2\pool\plugins\javax.annotation_1.3.5.v20230504-0748.jar
2024-08-23 00:58:37,780 [Worker-20: Launching cucumberjava] INFO  o.eclipse.m2e.core.internal.Bundles - getClasspathEntries(Bundle=org.apache.commons.cli_1.5.0 [47])
2024-08-23 00:58:37,786 [Worker-20: Launching cucumberjava] INFO  o.eclipse.m2e.core.internal.Bundles - 	Entry: C:\Users\Lenvo\.p2\pool\plugins\org.apache.commons.cli_1.5.0.jar
2024-08-23 00:58:37,786 [Worker-20: Launching cucumberjava] INFO  o.eclipse.m2e.core.internal.Bundles - getClasspathEntries(Bundle=com.google.guava.failureaccess_1.0.1 [12])
2024-08-23 00:58:37,788 [Worker-20: Launching cucumberjava] INFO  o.eclipse.m2e.core.internal.Bundles - 	Entry: C:\Users\Lenvo\.p2\pool\plugins\com.google.guava.failureaccess_1.0.1.jar
2024-08-23 00:58:37,792 [Worker-20: Launching cucumberjava] INFO  o.e.m.i.launch.MavenLaunchDelegate - Run build in "D:\E Drive\Akashautomation\cucumberjava":
2024-08-23 00:58:37,799 [Worker-20: Launching cucumberjava] INFO  o.e.m.i.launch.MavenLaunchDelegate -  mvn  -B -Dstyle.color=always 
2024-08-23 01:02:10,267 [Worker-20: Launching Executing install in D__E Drive_Akashautomation_cucumberjava] INFO  o.e.m.i.launch.MavenLaunchDelegate - Run build in "D:\E Drive\Akashautomation\cucumberjava":
2024-08-23 01:02:10,267 [Worker-20: Launching Executing install in D__E Drive_Akashautomation_cucumberjava] INFO  o.e.m.i.launch.MavenLaunchDelegate -  mvn  -B -Dstyle.color=always install
2024-08-23 01:04:34,689 [main] INFO  o.e.m2e.actions.ExecutePomAction - Creating new launch configuration
2024-08-23 01:04:41,461 [Worker-20: Launching cucumberjava (1)] INFO  o.e.m.i.launch.MavenLaunchDelegate - Run build in "D:\E Drive\Akashautomation\cucumberjava":
2024-08-23 01:04:41,461 [Worker-20: Launching cucumberjava (1)] INFO  o.e.m.i.launch.MavenLaunchDelegate -  mvn  -B -Dstyle.color=always 
2024-08-23 01:05:02,743 [Worker-21: Launching Executing clean in D__E Drive_Akashautomation_cucumberjava] INFO  o.e.m.i.launch.MavenLaunchDelegate - Run build in "D:\E Drive\Akashautomation\cucumberjava":
2024-08-23 01:05:02,743 [Worker-21: Launching Executing clean in D__E Drive_Akashautomation_cucumberjava] INFO  o.e.m.i.launch.MavenLaunchDelegate -  mvn  -B -Dstyle.color=always clean
2024-08-23 01:05:35,597 [Worker-20: Building] INFO  o.e.m.c.i.l.LifecycleMappingFactory - Using org.eclipse.m2e.jdt.JarLifecycleMapping lifecycle mapping for MavenProject: cucumberjava:cucumberjava:0.0.1-SNAPSHOT @ D:\E Drive\Akashautomation\cucumberjava\pom.xml.
2024-08-23 01:05:36,702 [Worker-20: Building] WARN  o.e.m.c.i.embedder.EclipseLogger - The POM for org.seleniumhq.selenium:selenium-devtools-v119:jar:4.16.0 is missing, no dependency information available
2024-08-23 01:05:42,603 [Worker-19: Download sources and javadoc] INFO  o.e.m.c.i.e.AbstractTransferListenerAdapter - Downloading https://repo.maven.apache.org/maven2/org/seleniumhq/selenium/selenium-api/4.16.0/selenium-api-4.16.0-sources.jar
2024-08-23 01:05:43,499 [Worker-19: Download sources and javadoc] INFO  o.e.m.c.i.e.AbstractTransferListenerAdapter - Downloaded https://repo.maven.apache.org/maven2/org/seleniumhq/selenium/selenium-api/4.16.0/selenium-api-4.16.0-sources.jar
2024-08-23 01:05:43,506 [Worker-19: Download sources and javadoc] INFO  o.e.m.j.internal.DownloadSourcesJob - Downloaded sources for org.seleniumhq.selenium:selenium-api:4.16.0
2024-08-23 01:05:43,914 [Worker-19: Download sources and javadoc] INFO  o.e.m.c.i.e.AbstractTransferListenerAdapter - Downloading https://repo.maven.apache.org/maven2/org/seleniumhq/selenium/selenium-chrome-driver/4.16.0/selenium-chrome-driver-4.16.0-sources.jar
2024-08-23 01:05:44,194 [Worker-19: Download sources and javadoc] INFO  o.e.m.c.i.e.AbstractTransferListenerAdapter - Downloaded https://repo.maven.apache.org/maven2/org/seleniumhq/selenium/selenium-chrome-driver/4.16.0/selenium-chrome-driver-4.16.0-sources.jar
2024-08-23 01:05:44,200 [Worker-19: Download sources and javadoc] INFO  o.e.m.j.internal.DownloadSourcesJob - Downloaded sources for org.seleniumhq.selenium:selenium-chrome-driver:4.16.0
2024-08-23 01:05:44,555 [Worker-19: Download sources and javadoc] INFO  o.e.m.c.i.e.AbstractTransferListenerAdapter - Downloading https://repo.maven.apache.org/maven2/org/seleniumhq/selenium/selenium-chromium-driver/4.16.0/selenium-chromium-driver-4.16.0-sources.jar
2024-08-23 01:05:45,492 [Worker-19: Download sources and javadoc] INFO  o.e.m.c.i.e.AbstractTransferListenerAdapter - Downloaded https://repo.maven.apache.org/maven2/org/seleniumhq/selenium/selenium-chromium-driver/4.16.0/selenium-chromium-driver-4.16.0-sources.jar
2024-08-23 01:05:45,499 [Worker-19: Download sources and javadoc] INFO  o.e.m.j.internal.DownloadSourcesJob - Downloaded sources for org.seleniumhq.selenium:selenium-chromium-driver:4.16.0
2024-08-23 01:05:45,960 [Worker-19: Download sources and javadoc] INFO  o.e.m.c.i.e.AbstractTransferListenerAdapter - Downloading https://repo.maven.apache.org/maven2/org/seleniumhq/selenium/selenium-json/4.16.0/selenium-json-4.16.0-sources.jar
2024-08-23 01:05:46,853 [Worker-19: Download sources and javadoc] INFO  o.e.m.c.i.e.AbstractTransferListenerAdapter - Downloaded https://repo.maven.apache.org/maven2/org/seleniumhq/selenium/selenium-json/4.16.0/selenium-json-4.16.0-sources.jar
2024-08-23 01:05:46,860 [Worker-19: Download sources and javadoc] INFO  o.e.m.j.internal.DownloadSourcesJob - Downloaded sources for org.seleniumhq.selenium:selenium-json:4.16.0
2024-08-23 01:05:47,127 [Worker-19: Download sources and javadoc] INFO  o.e.m.c.i.e.AbstractTransferListenerAdapter - Downloading https://repo.maven.apache.org/maven2/org/seleniumhq/selenium/selenium-manager/4.16.0/selenium-manager-4.16.0-sources.jar
2024-08-23 01:05:47,338 [Worker-19: Download sources and javadoc] INFO  o.e.m.c.i.e.AbstractTransferListenerAdapter - Downloaded https://repo.maven.apache.org/maven2/org/seleniumhq/selenium/selenium-manager/4.16.0/selenium-manager-4.16.0-sources.jar
2024-08-23 01:05:47,344 [Worker-19: Download sources and javadoc] INFO  o.e.m.j.internal.DownloadSourcesJob - Downloaded sources for org.seleniumhq.selenium:selenium-manager:4.16.0
2024-08-23 01:05:47,657 [Worker-19: Download sources and javadoc] INFO  o.e.m.c.i.e.AbstractTransferListenerAdapter - Downloading https://repo.maven.apache.org/maven2/org/seleniumhq/selenium/selenium-devtools-v118/4.16.0/selenium-devtools-v118-4.16.0-sources.jar
2024-08-23 01:05:48,455 [Worker-19: Download sources and javadoc] INFO  o.e.m.c.i.e.AbstractTransferListenerAdapter - Downloaded https://repo.maven.apache.org/maven2/org/seleniumhq/selenium/selenium-devtools-v118/4.16.0/selenium-devtools-v118-4.16.0-sources.jar
2024-08-23 01:05:48,462 [Worker-19: Download sources and javadoc] INFO  o.e.m.j.internal.DownloadSourcesJob - Downloaded sources for org.seleniumhq.selenium:selenium-devtools-v118:4.16.0
2024-08-23 01:05:48,760 [Worker-19: Download sources and javadoc] INFO  o.e.m.c.i.e.AbstractTransferListenerAdapter - Downloading https://repo.maven.apache.org/maven2/org/seleniumhq/selenium/selenium-devtools-v119/4.16.0/selenium-devtools-v119-4.16.0-sources.jar
2024-08-23 01:05:49,237 [Worker-20: Building] WARN  o.a.m.s.f.DefaultMavenResourcesFiltering - Using platform encoding (Cp1252 actually) to copy filtered resources, i.e. build is platform dependent!
2024-08-23 01:05:49,239 [Worker-20: Building] INFO  o.a.m.s.f.DefaultMavenResourcesFiltering - skip non existing resourceDirectory D:\E Drive\Akashautomation\cucumberjava\src\main\resources
2024-08-23 01:05:49,248 [Worker-20: Building] WARN  o.a.m.s.f.DefaultMavenResourcesFiltering - Using platform encoding (Cp1252 actually) to copy filtered resources, i.e. build is platform dependent!
2024-08-23 01:05:49,269 [Worker-20: Building] INFO  o.a.m.s.f.DefaultMavenResourcesFiltering - Copying 1 resource
2024-08-23 01:05:49,408 [Worker-19: Download sources and javadoc] INFO  o.e.m.c.i.e.AbstractTransferListenerAdapter - Downloaded https://repo.maven.apache.org/maven2/org/seleniumhq/selenium/selenium-devtools-v119/4.16.0/selenium-devtools-v119-4.16.0-sources.jar
2024-08-23 01:05:49,417 [Worker-19: Download sources and javadoc] INFO  o.e.m.j.internal.DownloadSourcesJob - Downloaded sources for org.seleniumhq.selenium:selenium-devtools-v119:4.16.0
2024-08-23 01:05:49,758 [Worker-19: Download sources and javadoc] INFO  o.e.m.c.i.e.AbstractTransferListenerAdapter - Downloading https://repo.maven.apache.org/maven2/org/seleniumhq/selenium/selenium-devtools-v120/4.16.0/selenium-devtools-v120-4.16.0-sources.jar
2024-08-23 01:05:50,921 [Worker-19: Download sources and javadoc] INFO  o.e.m.c.i.e.AbstractTransferListenerAdapter - Downloaded https://repo.maven.apache.org/maven2/org/seleniumhq/selenium/selenium-devtools-v120/4.16.0/selenium-devtools-v120-4.16.0-sources.jar
2024-08-23 01:05:50,935 [Worker-19: Download sources and javadoc] INFO  o.e.m.j.internal.DownloadSourcesJob - Downloaded sources for org.seleniumhq.selenium:selenium-devtools-v120:4.16.0
2024-08-23 01:05:51,185 [Worker-19: Download sources and javadoc] INFO  o.e.m.c.i.e.AbstractTransferListenerAdapter - Downloading https://repo.maven.apache.org/maven2/org/seleniumhq/selenium/selenium-devtools-v85/4.16.0/selenium-devtools-v85-4.16.0-sources.jar
2024-08-23 01:05:51,865 [Worker-19: Download sources and javadoc] INFO  o.e.m.c.i.e.AbstractTransferListenerAdapter - Downloaded https://repo.maven.apache.org/maven2/org/seleniumhq/selenium/selenium-devtools-v85/4.16.0/selenium-devtools-v85-4.16.0-sources.jar
2024-08-23 01:05:51,879 [Worker-19: Download sources and javadoc] INFO  o.e.m.j.internal.DownloadSourcesJob - Downloaded sources for org.seleniumhq.selenium:selenium-devtools-v85:4.16.0
2024-08-23 01:05:52,054 [Worker-19: Download sources and javadoc] INFO  o.e.m.c.i.e.AbstractTransferListenerAdapter - Downloading https://repo.maven.apache.org/maven2/org/seleniumhq/selenium/selenium-edge-driver/4.16.0/selenium-edge-driver-4.16.0-sources.jar
2024-08-23 01:05:52,681 [Worker-19: Download sources and javadoc] INFO  o.e.m.c.i.e.AbstractTransferListenerAdapter - Downloaded https://repo.maven.apache.org/maven2/org/seleniumhq/selenium/selenium-edge-driver/4.16.0/selenium-edge-driver-4.16.0-sources.jar
2024-08-23 01:05:52,688 [Worker-19: Download sources and javadoc] INFO  o.e.m.j.internal.DownloadSourcesJob - Downloaded sources for org.seleniumhq.selenium:selenium-edge-driver:4.16.0
2024-08-23 01:05:52,844 [Worker-19: Download sources and javadoc] INFO  o.e.m.c.i.e.AbstractTransferListenerAdapter - Downloading https://repo.maven.apache.org/maven2/org/seleniumhq/selenium/selenium-firefox-driver/4.16.0/selenium-firefox-driver-4.16.0-sources.jar
2024-08-23 01:05:53,631 [Worker-19: Download sources and javadoc] INFO  o.e.m.c.i.e.AbstractTransferListenerAdapter - Downloaded https://repo.maven.apache.org/maven2/org/seleniumhq/selenium/selenium-firefox-driver/4.16.0/selenium-firefox-driver-4.16.0-sources.jar
2024-08-23 01:05:53,638 [Worker-19: Download sources and javadoc] INFO  o.e.m.j.internal.DownloadSourcesJob - Downloaded sources for org.seleniumhq.selenium:selenium-firefox-driver:4.16.0
2024-08-23 01:05:53,835 [Worker-19: Download sources and javadoc] INFO  o.e.m.c.i.e.AbstractTransferListenerAdapter - Downloading https://repo.maven.apache.org/maven2/org/seleniumhq/selenium/selenium-http/4.16.0/selenium-http-4.16.0-sources.jar
2024-08-23 01:05:55,038 [Worker-19: Download sources and javadoc] INFO  o.e.m.c.i.e.AbstractTransferListenerAdapter - Downloaded https://repo.maven.apache.org/maven2/org/seleniumhq/selenium/selenium-http/4.16.0/selenium-http-4.16.0-sources.jar
2024-08-23 01:05:55,051 [Worker-19: Download sources and javadoc] INFO  o.e.m.j.internal.DownloadSourcesJob - Downloaded sources for org.seleniumhq.selenium:selenium-http:4.16.0
2024-08-23 01:05:55,280 [Worker-19: Download sources and javadoc] INFO  o.e.m.c.i.e.AbstractTransferListenerAdapter - Downloading https://repo.maven.apache.org/maven2/org/seleniumhq/selenium/selenium-ie-driver/4.16.0/selenium-ie-driver-4.16.0-sources.jar
2024-08-23 01:05:55,560 [Worker-19: Download sources and javadoc] INFO  o.e.m.c.i.e.AbstractTransferListenerAdapter - Downloaded https://repo.maven.apache.org/maven2/org/seleniumhq/selenium/selenium-ie-driver/4.16.0/selenium-ie-driver-4.16.0-sources.jar
2024-08-23 01:05:55,568 [Worker-19: Download sources and javadoc] INFO  o.e.m.j.internal.DownloadSourcesJob - Downloaded sources for org.seleniumhq.selenium:selenium-ie-driver:4.16.0
2024-08-23 01:05:55,752 [Worker-19: Download sources and javadoc] INFO  o.e.m.c.i.e.AbstractTransferListenerAdapter - Downloading https://repo.maven.apache.org/maven2/org/seleniumhq/selenium/selenium-remote-driver/4.16.0/selenium-remote-driver-4.16.0-sources.jar
2024-08-23 01:05:56,210 [Worker-19: Download sources and javadoc] INFO  o.e.m.c.i.e.AbstractTransferListenerAdapter - Downloaded https://repo.maven.apache.org/maven2/org/seleniumhq/selenium/selenium-remote-driver/4.16.0/selenium-remote-driver-4.16.0-sources.jar
2024-08-23 01:05:56,219 [Worker-19: Download sources and javadoc] INFO  o.e.m.j.internal.DownloadSourcesJob - Downloaded sources for org.seleniumhq.selenium:selenium-remote-driver:4.16.0
2024-08-23 01:05:56,460 [Worker-19: Download sources and javadoc] INFO  o.e.m.c.i.e.AbstractTransferListenerAdapter - Downloading https://repo.maven.apache.org/maven2/org/seleniumhq/selenium/selenium-os/4.16.0/selenium-os-4.16.0-sources.jar
2024-08-23 01:05:56,928 [Worker-19: Download sources and javadoc] INFO  o.e.m.c.i.e.AbstractTransferListenerAdapter - Downloaded https://repo.maven.apache.org/maven2/org/seleniumhq/selenium/selenium-os/4.16.0/selenium-os-4.16.0-sources.jar
2024-08-23 01:05:56,941 [Worker-19: Download sources and javadoc] INFO  o.e.m.j.internal.DownloadSourcesJob - Downloaded sources for org.seleniumhq.selenium:selenium-os:4.16.0
2024-08-23 01:05:57,177 [Worker-19: Download sources and javadoc] INFO  o.e.m.c.i.e.AbstractTransferListenerAdapter - Downloading https://repo.maven.apache.org/maven2/org/seleniumhq/selenium/selenium-safari-driver/4.16.0/selenium-safari-driver-4.16.0-sources.jar
2024-08-23 01:05:57,615 [Worker-19: Download sources and javadoc] INFO  o.e.m.c.i.e.AbstractTransferListenerAdapter - Downloaded https://repo.maven.apache.org/maven2/org/seleniumhq/selenium/selenium-safari-driver/4.16.0/selenium-safari-driver-4.16.0-sources.jar
2024-08-23 01:05:57,627 [Worker-19: Download sources and javadoc] INFO  o.e.m.j.internal.DownloadSourcesJob - Downloaded sources for org.seleniumhq.selenium:selenium-safari-driver:4.16.0
2024-08-23 01:05:57,906 [Worker-19: Download sources and javadoc] INFO  o.e.m.c.i.e.AbstractTransferListenerAdapter - Downloading https://repo.maven.apache.org/maven2/org/seleniumhq/selenium/selenium-support/4.16.0/selenium-support-4.16.0-sources.jar
2024-08-23 01:05:58,105 [Worker-19: Download sources and javadoc] INFO  o.e.m.c.i.e.AbstractTransferListenerAdapter - Downloaded https://repo.maven.apache.org/maven2/org/seleniumhq/selenium/selenium-support/4.16.0/selenium-support-4.16.0-sources.jar
2024-08-23 01:05:58,113 [Worker-19: Download sources and javadoc] INFO  o.e.m.j.internal.DownloadSourcesJob - Downloaded sources for org.seleniumhq.selenium:selenium-support:4.16.0
2024-08-23 01:05:58,447 [Worker-19: Download sources and javadoc] INFO  o.e.m.c.i.e.AbstractTransferListenerAdapter - Downloading https://repo.maven.apache.org/maven2/commons-codec/commons-codec/1.16.0/commons-codec-1.16.0-sources.jar
2024-08-23 01:05:59,182 [Worker-19: Download sources and javadoc] INFO  o.e.m.c.i.e.AbstractTransferListenerAdapter - Downloaded https://repo.maven.apache.org/maven2/commons-codec/commons-codec/1.16.0/commons-codec-1.16.0-sources.jar
2024-08-23 01:05:59,190 [Worker-19: Download sources and javadoc] INFO  o.e.m.j.internal.DownloadSourcesJob - Downloaded sources for commons-codec:commons-codec:1.16.0
2024-08-23 01:05:59,388 [Worker-19: Download sources and javadoc] INFO  o.e.m.c.i.e.AbstractTransferListenerAdapter - Downloading https://repo.maven.apache.org/maven2/org/apache/commons/commons-collections4/4.4/commons-collections4-4.4-sources.jar
2024-08-23 01:06:00,017 [Worker-19: Download sources and javadoc] INFO  o.e.m.c.i.e.AbstractTransferListenerAdapter - Downloaded https://repo.maven.apache.org/maven2/org/apache/commons/commons-collections4/4.4/commons-collections4-4.4-sources.jar
2024-08-23 01:06:00,025 [Worker-19: Download sources and javadoc] INFO  o.e.m.j.internal.DownloadSourcesJob - Downloaded sources for org.apache.commons:commons-collections4:4.4
2024-08-23 01:06:00,245 [Worker-19: Download sources and javadoc] INFO  o.e.m.c.i.e.AbstractTransferListenerAdapter - Downloading https://repo.maven.apache.org/maven2/org/apache/commons/commons-math3/3.6.1/commons-math3-3.6.1-sources.jar
2024-08-23 01:06:02,157 [Worker-19: Download sources and javadoc] INFO  o.e.m.c.i.e.AbstractTransferListenerAdapter - Downloaded https://repo.maven.apache.org/maven2/org/apache/commons/commons-math3/3.6.1/commons-math3-3.6.1-sources.jar
2024-08-23 01:06:02,164 [Worker-19: Download sources and javadoc] INFO  o.e.m.j.internal.DownloadSourcesJob - Downloaded sources for org.apache.commons:commons-math3:3.6.1
2024-08-23 01:06:02,438 [Worker-19: Download sources and javadoc] INFO  o.e.m.c.i.e.AbstractTransferListenerAdapter - Downloading https://repo.maven.apache.org/maven2/commons-io/commons-io/2.15.0/commons-io-2.15.0-sources.jar
2024-08-23 01:06:03,049 [Worker-19: Download sources and javadoc] INFO  o.e.m.c.i.e.AbstractTransferListenerAdapter - Downloaded https://repo.maven.apache.org/maven2/commons-io/commons-io/2.15.0/commons-io-2.15.0-sources.jar
2024-08-23 01:06:03,056 [Worker-19: Download sources and javadoc] INFO  o.e.m.j.internal.DownloadSourcesJob - Downloaded sources for commons-io:commons-io:2.15.0
2024-08-23 01:06:03,411 [Worker-19: Download sources and javadoc] INFO  o.e.m.c.i.e.AbstractTransferListenerAdapter - Downloading https://repo.maven.apache.org/maven2/com/zaxxer/SparseBitSet/1.3/SparseBitSet-1.3-sources.jar
2024-08-23 01:06:03,588 [Worker-19: Download sources and javadoc] INFO  o.e.m.c.i.e.AbstractTransferListenerAdapter - Downloaded https://repo.maven.apache.org/maven2/com/zaxxer/SparseBitSet/1.3/SparseBitSet-1.3-sources.jar
2024-08-23 01:06:03,601 [Worker-19: Download sources and javadoc] INFO  o.e.m.j.internal.DownloadSourcesJob - Downloaded sources for com.zaxxer:SparseBitSet:1.3
2024-08-23 01:06:03,856 [Worker-19: Download sources and javadoc] INFO  o.e.m.c.i.e.AbstractTransferListenerAdapter - Downloading https://repo.maven.apache.org/maven2/org/apache/logging/log4j/log4j-api/2.21.1/log4j-api-2.21.1-sources.jar
2024-08-23 01:06:04,372 [Worker-19: Download sources and javadoc] INFO  o.e.m.c.i.e.AbstractTransferListenerAdapter - Downloaded https://repo.maven.apache.org/maven2/org/apache/logging/log4j/log4j-api/2.21.1/log4j-api-2.21.1-sources.jar
2024-08-23 01:06:04,382 [Worker-19: Download sources and javadoc] INFO  o.e.m.j.internal.DownloadSourcesJob - Downloaded sources for org.apache.logging.log4j:log4j-api:2.21.1
2024-08-23 01:06:04,574 [Worker-19: Download sources and javadoc] INFO  o.e.m.c.i.e.AbstractTransferListenerAdapter - Downloading https://repo.maven.apache.org/maven2/org/apache/poi/poi-ooxml-lite/5.2.5/poi-ooxml-lite-5.2.5-sources.jar
2024-08-23 01:06:10,485 [Worker-19: Download sources and javadoc] INFO  o.e.m.c.i.e.AbstractTransferListenerAdapter - Downloaded https://repo.maven.apache.org/maven2/org/apache/poi/poi-ooxml-lite/5.2.5/poi-ooxml-lite-5.2.5-sources.jar
2024-08-23 01:06:10,493 [Worker-19: Download sources and javadoc] INFO  o.e.m.j.internal.DownloadSourcesJob - Downloaded sources for org.apache.poi:poi-ooxml-lite:5.2.5
2024-08-23 01:06:10,812 [Worker-19: Download sources and javadoc] INFO  o.e.m.c.i.e.AbstractTransferListenerAdapter - Downloading https://repo.maven.apache.org/maven2/org/apache/xmlbeans/xmlbeans/5.2.0/xmlbeans-5.2.0-sources.jar
2024-08-23 01:06:11,942 [Worker-19: Download sources and javadoc] INFO  o.e.m.c.i.e.AbstractTransferListenerAdapter - Downloaded https://repo.maven.apache.org/maven2/org/apache/xmlbeans/xmlbeans/5.2.0/xmlbeans-5.2.0-sources.jar
2024-08-23 01:06:11,954 [Worker-19: Download sources and javadoc] INFO  o.e.m.j.internal.DownloadSourcesJob - Downloaded sources for org.apache.xmlbeans:xmlbeans:5.2.0
2024-08-23 01:06:12,275 [Worker-19: Download sources and javadoc] INFO  o.e.m.c.i.e.AbstractTransferListenerAdapter - Downloading https://repo.maven.apache.org/maven2/org/apache/commons/commons-compress/1.25.0/commons-compress-1.25.0-sources.jar
2024-08-23 01:06:13,047 [Worker-19: Download sources and javadoc] INFO  o.e.m.c.i.e.AbstractTransferListenerAdapter - Downloaded https://repo.maven.apache.org/maven2/org/apache/commons/commons-compress/1.25.0/commons-compress-1.25.0-sources.jar
2024-08-23 01:06:13,060 [Worker-19: Download sources and javadoc] INFO  o.e.m.j.internal.DownloadSourcesJob - Downloaded sources for org.apache.commons:commons-compress:1.25.0
2024-08-23 01:06:13,312 [Worker-19: Download sources and javadoc] INFO  o.e.m.c.i.e.AbstractTransferListenerAdapter - Downloading https://repo.maven.apache.org/maven2/com/github/virtuald/curvesapi/1.08/curvesapi-1.08-sources.jar
2024-08-23 01:06:13,647 [Worker-19: Download sources and javadoc] INFO  o.e.m.c.i.e.AbstractTransferListenerAdapter - Downloaded https://repo.maven.apache.org/maven2/com/github/virtuald/curvesapi/1.08/curvesapi-1.08-sources.jar
2024-08-23 01:06:13,654 [Worker-19: Download sources and javadoc] INFO  o.e.m.j.internal.DownloadSourcesJob - Downloaded sources for com.github.virtuald:curvesapi:1.08
2024-08-23 01:06:13,918 [Worker-19: Download sources and javadoc] INFO  o.e.m.c.i.e.AbstractTransferListenerAdapter - Downloading https://repo.maven.apache.org/maven2/io/cucumber/cucumber-core/7.3.4/cucumber-core-7.3.4-sources.jar
2024-08-23 01:06:14,597 [Worker-19: Download sources and javadoc] INFO  o.e.m.c.i.e.AbstractTransferListenerAdapter - Downloaded https://repo.maven.apache.org/maven2/io/cucumber/cucumber-core/7.3.4/cucumber-core-7.3.4-sources.jar
2024-08-23 01:06:14,604 [Worker-19: Download sources and javadoc] INFO  o.e.m.j.internal.DownloadSourcesJob - Downloaded sources for io.cucumber:cucumber-core:7.3.4
2024-08-23 01:06:14,801 [Worker-19: Download sources and javadoc] INFO  o.e.m.c.i.e.AbstractTransferListenerAdapter - Downloading https://repo.maven.apache.org/maven2/io/cucumber/cucumber-gherkin/7.3.4/cucumber-gherkin-7.3.4-sources.jar
2024-08-23 01:06:15,514 [Worker-19: Download sources and javadoc] INFO  o.e.m.c.i.e.AbstractTransferListenerAdapter - Downloaded https://repo.maven.apache.org/maven2/io/cucumber/cucumber-gherkin/7.3.4/cucumber-gherkin-7.3.4-sources.jar
2024-08-23 01:06:15,527 [Worker-19: Download sources and javadoc] INFO  o.e.m.j.internal.DownloadSourcesJob - Downloaded sources for io.cucumber:cucumber-gherkin:7.3.4
2024-08-23 01:06:15,786 [Worker-19: Download sources and javadoc] INFO  o.e.m.c.i.e.AbstractTransferListenerAdapter - Downloading https://repo.maven.apache.org/maven2/io/cucumber/cucumber-gherkin-messages/7.3.4/cucumber-gherkin-messages-7.3.4-sources.jar
2024-08-23 01:06:16,149 [Worker-19: Download sources and javadoc] INFO  o.e.m.c.i.e.AbstractTransferListenerAdapter - Downloaded https://repo.maven.apache.org/maven2/io/cucumber/cucumber-gherkin-messages/7.3.4/cucumber-gherkin-messages-7.3.4-sources.jar
2024-08-23 01:06:16,160 [Worker-19: Download sources and javadoc] INFO  o.e.m.j.internal.DownloadSourcesJob - Downloaded sources for io.cucumber:cucumber-gherkin-messages:7.3.4
2024-08-23 01:06:16,357 [Worker-19: Download sources and javadoc] INFO  o.e.m.c.i.e.AbstractTransferListenerAdapter - Downloading https://repo.maven.apache.org/maven2/io/cucumber/gherkin/23.0.1/gherkin-23.0.1-sources.jar
2024-08-23 01:06:16,899 [Worker-19: Download sources and javadoc] INFO  o.e.m.c.i.e.AbstractTransferListenerAdapter - Downloaded https://repo.maven.apache.org/maven2/io/cucumber/gherkin/23.0.1/gherkin-23.0.1-sources.jar
2024-08-23 01:06:16,912 [Worker-19: Download sources and javadoc] INFO  o.e.m.j.internal.DownloadSourcesJob - Downloaded sources for io.cucumber:gherkin:23.0.1
2024-08-23 01:06:17,287 [Worker-19: Download sources and javadoc] INFO  o.e.m.c.i.e.AbstractTransferListenerAdapter - Downloading https://repo.maven.apache.org/maven2/io/cucumber/messages/18.0.0/messages-18.0.0-sources.jar
2024-08-23 01:06:18,541 [Worker-19: Download sources and javadoc] INFO  o.e.m.c.i.e.AbstractTransferListenerAdapter - Downloaded https://repo.maven.apache.org/maven2/io/cucumber/messages/18.0.0/messages-18.0.0-sources.jar
2024-08-23 01:06:18,548 [Worker-19: Download sources and javadoc] INFO  o.e.m.j.internal.DownloadSourcesJob - Downloaded sources for io.cucumber:messages:18.0.0
2024-08-23 01:06:18,906 [Worker-19: Download sources and javadoc] INFO  o.e.m.c.i.e.AbstractTransferListenerAdapter - Downloading https://repo.maven.apache.org/maven2/io/cucumber/tag-expressions/4.1.0/tag-expressions-4.1.0-sources.jar
2024-08-23 01:06:19,158 [Worker-19: Download sources and javadoc] INFO  o.e.m.c.i.e.AbstractTransferListenerAdapter - Downloaded https://repo.maven.apache.org/maven2/io/cucumber/tag-expressions/4.1.0/tag-expressions-4.1.0-sources.jar
2024-08-23 01:06:19,169 [Worker-19: Download sources and javadoc] INFO  o.e.m.j.internal.DownloadSourcesJob - Downloaded sources for io.cucumber:tag-expressions:4.1.0
2024-08-23 01:06:19,521 [Worker-19: Download sources and javadoc] INFO  o.e.m.c.i.e.AbstractTransferListenerAdapter - Downloading https://repo.maven.apache.org/maven2/io/cucumber/cucumber-expressions/15.1.1/cucumber-expressions-15.1.1-sources.jar
2024-08-23 01:06:20,206 [Worker-19: Download sources and javadoc] INFO  o.e.m.c.i.e.AbstractTransferListenerAdapter - Downloaded https://repo.maven.apache.org/maven2/io/cucumber/cucumber-expressions/15.1.1/cucumber-expressions-15.1.1-sources.jar
2024-08-23 01:06:20,212 [Worker-19: Download sources and javadoc] INFO  o.e.m.j.internal.DownloadSourcesJob - Downloaded sources for io.cucumber:cucumber-expressions:15.1.1
2024-08-23 01:06:20,458 [Worker-19: Download sources and javadoc] INFO  o.e.m.c.i.e.AbstractTransferListenerAdapter - Downloading https://repo.maven.apache.org/maven2/io/cucumber/datatable/7.3.4/datatable-7.3.4-sources.jar
2024-08-23 01:06:21,692 [Worker-19: Download sources and javadoc] INFO  o.e.m.c.i.e.AbstractTransferListenerAdapter - Downloaded https://repo.maven.apache.org/maven2/io/cucumber/datatable/7.3.4/datatable-7.3.4-sources.jar
2024-08-23 01:06:21,702 [Worker-19: Download sources and javadoc] INFO  o.e.m.j.internal.DownloadSourcesJob - Downloaded sources for io.cucumber:datatable:7.3.4
2024-08-23 01:06:21,876 [Worker-19: Download sources and javadoc] INFO  o.e.m.c.i.e.AbstractTransferListenerAdapter - Downloading https://repo.maven.apache.org/maven2/io/cucumber/cucumber-plugin/7.3.4/cucumber-plugin-7.3.4-sources.jar
2024-08-23 01:06:22,468 [Worker-19: Download sources and javadoc] INFO  o.e.m.c.i.e.AbstractTransferListenerAdapter - Downloaded https://repo.maven.apache.org/maven2/io/cucumber/cucumber-plugin/7.3.4/cucumber-plugin-7.3.4-sources.jar
2024-08-23 01:06:22,479 [Worker-19: Download sources and javadoc] INFO  o.e.m.j.internal.DownloadSourcesJob - Downloaded sources for io.cucumber:cucumber-plugin:7.3.4
2024-08-23 01:06:22,676 [Worker-19: Download sources and javadoc] INFO  o.e.m.c.i.e.AbstractTransferListenerAdapter - Downloading https://repo.maven.apache.org/maven2/io/cucumber/docstring/7.3.4/docstring-7.3.4-sources.jar
2024-08-23 01:06:23,144 [Worker-19: Download sources and javadoc] INFO  o.e.m.c.i.e.AbstractTransferListenerAdapter - Downloaded https://repo.maven.apache.org/maven2/io/cucumber/docstring/7.3.4/docstring-7.3.4-sources.jar
2024-08-23 01:06:23,155 [Worker-19: Download sources and javadoc] INFO  o.e.m.j.internal.DownloadSourcesJob - Downloaded sources for io.cucumber:docstring:7.3.4
2024-08-23 01:06:23,418 [Worker-19: Download sources and javadoc] INFO  o.e.m.c.i.e.AbstractTransferListenerAdapter - Downloading https://repo.maven.apache.org/maven2/io/cucumber/html-formatter/19.1.0/html-formatter-19.1.0-sources.jar
2024-08-23 01:06:23,885 [Worker-19: Download sources and javadoc] INFO  o.e.m.c.i.e.AbstractTransferListenerAdapter - Downloaded https://repo.maven.apache.org/maven2/io/cucumber/html-formatter/19.1.0/html-formatter-19.1.0-sources.jar
2024-08-23 01:06:23,893 [Worker-19: Download sources and javadoc] INFO  o.e.m.j.internal.DownloadSourcesJob - Downloaded sources for io.cucumber:html-formatter:19.1.0
2024-08-23 01:06:24,073 [Worker-19: Download sources and javadoc] INFO  o.e.m.c.i.e.AbstractTransferListenerAdapter - Downloading https://repo.maven.apache.org/maven2/io/cucumber/ci-environment/9.0.4/ci-environment-9.0.4-sources.jar
2024-08-23 01:06:24,309 [Worker-19: Download sources and javadoc] INFO  o.e.m.c.i.e.AbstractTransferListenerAdapter - Downloaded https://repo.maven.apache.org/maven2/io/cucumber/ci-environment/9.0.4/ci-environment-9.0.4-sources.jar
2024-08-23 01:06:24,321 [Worker-19: Download sources and javadoc] INFO  o.e.m.j.internal.DownloadSourcesJob - Downloaded sources for io.cucumber:ci-environment:9.0.4
2024-08-23 01:06:24,617 [Worker-19: Download sources and javadoc] INFO  o.e.m.c.i.e.AbstractTransferListenerAdapter - Downloading https://repo.maven.apache.org/maven2/org/apiguardian/apiguardian-api/1.1.2/apiguardian-api-1.1.2-sources.jar
2024-08-23 01:06:24,838 [Worker-19: Download sources and javadoc] INFO  o.e.m.c.i.e.AbstractTransferListenerAdapter - Downloaded https://repo.maven.apache.org/maven2/org/apiguardian/apiguardian-api/1.1.2/apiguardian-api-1.1.2-sources.jar
2024-08-23 01:06:24,851 [Worker-19: Download sources and javadoc] INFO  o.e.m.j.internal.DownloadSourcesJob - Downloaded sources for org.apiguardian:apiguardian-api:1.1.2
2024-08-23 01:06:40,291 [Worker-19: Building] INFO  o.e.m.c.i.l.LifecycleMappingFactory - Using org.eclipse.m2e.jdt.JarLifecycleMapping lifecycle mapping for MavenProject: demoframework:demoframework:0.0.1-SNAPSHOT @ D:\E Drive\Akashautomation\demoframework\pom.xml.
2024-08-23 01:06:40,414 [Worker-19: Building] WARN  o.e.m.c.i.embedder.EclipseLogger - The POM for org.seleniumhq.selenium:selenium-devtools-v119:jar:4.16.0 is missing, no dependency information available
2024-08-23 01:06:41,053 [Worker-19: Building] WARN  o.a.m.s.f.DefaultMavenResourcesFiltering - Using platform encoding (Cp1252 actually) to copy filtered resources, i.e. build is platform dependent!
2024-08-23 01:06:41,054 [Worker-19: Building] INFO  o.a.m.s.f.DefaultMavenResourcesFiltering - skip non existing resourceDirectory D:\E Drive\Akashautomation\demoframework\src\main\resources
2024-08-23 01:06:41,058 [Worker-19: Building] WARN  o.a.m.s.f.DefaultMavenResourcesFiltering - Using platform encoding (Cp1252 actually) to copy filtered resources, i.e. build is platform dependent!
2024-08-23 01:06:41,060 [Worker-19: Building] INFO  o.a.m.s.f.DefaultMavenResourcesFiltering - Copying 4 resources
2024-08-26 02:35:17,433 [Worker-0: Loading available Gradle versions] INFO  o.e.b.c.i.u.g.PublishedGradleVersions - Gradle version information cache is out-of-date. Trying to update.
2024-08-26 02:40:07,942 [Worker-11: reload maven project] WARN  o.e.m.c.i.embedder.EclipseLogger - The POM for org.seleniumhq.selenium:selenium-devtools-v119:jar:4.16.0 is missing, no dependency information available
2024-08-26 03:15:12,455 [Worker-1: Loading available Gradle versions] INFO  o.e.b.c.i.u.g.PublishedGradleVersions - Gradle version information cache is up-to-date. Trying to read.
